<?xml version="1.0" encoding="UTF-8"?>
<!-- Generated by org.testng.reporters.JUnitReportReporter -->
<testsuite hostname="Esraa" failures="0" tests="11" name="AutomationPracticeTCs.E2EScenario" time="203.333" errors="0" timestamp="2022-09-15T09:10:29 EET" skipped="0">
  <testcase classname="AutomationPracticeTCs.E2EScenario" name="SignIn" time="2.831"/>
  <system-out/>
  <testcase classname="AutomationPracticeTCs.E2EScenario" name="CreateAccount" time="0.298"/>
  <system-out/>
  <testcase classname="AutomationPracticeTCs.E2EScenario" name="SetPersonalInfo" time="25.276"/>
  <system-out/>
  <testcase classname="AutomationPracticeTCs.E2EScenario" name="SelectWomenMenu" time="11.049"/>
  <system-out/>
  <testcase classname="AutomationPracticeTCs.E2EScenario" name="AddToCartPage" time="29.488"/>
  <system-out/>
  <testcase classname="AutomationPracticeTCs.E2EScenario" name="CheckOut" time="21.707"/>
  <system-out/>
  <testcase classname="AutomationPracticeTCs.E2EScenario" name="DeliveryAdress" time="21.808"/>
  <system-out/>
  <testcase classname="AutomationPracticeTCs.E2EScenario" name="Shipment" time="22.847"/>
  <system-out/>
  <testcase classname="AutomationPracticeTCs.E2EScenario" name="BankPay" time="21.770"/>
  <system-out/>
  <testcase classname="AutomationPracticeTCs.E2EScenario" name="OrderSummary" time="23.830"/>
  <system-out/>
  <testcase classname="AutomationPracticeTCs.E2EScenario" name="ConfirmPayment" time="22.429"/>
  <system-out/>
</testsuite> <!-- AutomationPracticeTCs.E2EScenario -->
