<?xml version="1.0" encoding="UTF-8"?>
<!-- Generated by org.testng.reporters.JUnitReportReporter -->
<testsuite hostname="Esraa" failures="0" tests="12" name="AutomationPracticeTCs.EndToEndScenario" time="74.238" errors="0" timestamp="2022-09-17T09:31:52 EET" skipped="0">
  <testcase classname="AutomationPracticeTCs.EndToEndScenario" name="SignIn" time="3.908"/>
  <system-out/>
  <testcase classname="AutomationPracticeTCs.EndToEndScenario" name="CreateAccount" time="0.385"/>
  <system-out/>
  <testcase classname="AutomationPracticeTCs.EndToEndScenario" name="SetPersonalInfo" time="7.743"/>
  <system-out/>
  <testcase classname="AutomationPracticeTCs.EndToEndScenario" name="SelectWomenMenu" time="10.563"/>
  <system-out/>
  <testcase classname="AutomationPracticeTCs.EndToEndScenario" name="AddToCartPage" time="13.182"/>
  <system-out/>
  <testcase classname="AutomationPracticeTCs.EndToEndScenario" name="CheckOut" time="6.578"/>
  <system-out/>
  <testcase classname="AutomationPracticeTCs.EndToEndScenario" name="DeliveryAddress" time="6.351"/>
  <system-out/>
  <testcase classname="AutomationPracticeTCs.EndToEndScenario" name="Shipment" time="5.061"/>
  <system-out/>
  <testcase classname="AutomationPracticeTCs.EndToEndScenario" name="BankPay" time="4.858"/>
  <system-out/>
  <testcase classname="AutomationPracticeTCs.EndToEndScenario" name="OrderSummary" time="8.279"/>
  <system-out/>
  <testcase classname="AutomationPracticeTCs.EndToEndScenario" name="ConfirmPayment" time="7.201"/>
  <system-out/>
  <testcase classname="AutomationPracticeTCs.EndToEndScenario" name="OrderHistory" time="0.129"/>
  <system-out/>
</testsuite> <!-- AutomationPracticeTCs.EndToEndScenario -->
