<?xml version="1.0" encoding="UTF-8"?>
<!-- Generated by org.testng.reporters.JUnitReportReporter -->
<testsuite hostname="Esraa" failures="0" tests="3" name="AutomationPracticeTCs.MandatoryFieldsValidation" time="15.132" errors="0" timestamp="2022-09-17T09:31:52 EET" skipped="0">
  <testcase classname="AutomationPracticeTCs.MandatoryFieldsValidation" name="SignIn" time="8.265"/>
  <system-out/>
  <testcase classname="AutomationPracticeTCs.MandatoryFieldsValidation" name="CreateAccount" time="0.284"/>
  <system-out/>
  <testcase classname="AutomationPracticeTCs.MandatoryFieldsValidation" name="SetPersonalInfo" time="6.583"/>
  <system-out/>
</testsuite> <!-- AutomationPracticeTCs.MandatoryFieldsValidation -->
