<?xml version="1.0" encoding="UTF-8"?>
<!-- Generated by org.testng.reporters.JUnitReportReporter -->
<testsuite hostname="Esraa" failures="0" tests="2" name="AutomationPracticeTCs.SignInValidation" time="7.109" errors="0" timestamp="2022-09-17T09:31:52 EET" skipped="0">
  <testcase classname="AutomationPracticeTCs.SignInValidation" name="SignIn" time="4.675"/>
  <system-out/>
  <testcase classname="AutomationPracticeTCs.SignInValidation" name="CreateAccount" time="2.434"/>
  <system-out/>
</testsuite> <!-- AutomationPracticeTCs.SignInValidation -->
